<?xml version="1.0" encoding="UTF-8"?>
<!-- Generated by org.testng.reporters.JUnitXMLReporter -->
<testsuite ignored="0" hostname="DESKTOP-C5JBV4O" failures="0" tests="3" name="Test" time="13.468" errors="0" timestamp="2021-09-15T16:01:26 CEST">
  <testcase classname="test.LoginTest" name="LoginFailiure" time="1.16"/>
  <testcase classname="test.LoginTest" name="LoginSuccess" time="0.894"/>
  <testcase classname="test.ProductSelectionTest" name="ProductSelectTest" time="0.82"/>
</testsuite> <!-- Test -->
