<?xml version="1.0" encoding="UTF-8"?>
<!-- Generated by org.testng.reporters.JUnitXMLReporter -->
<testsuite hostname="DESKTOP-C5JBV4O" ignored="0" name="Command line test" tests="3" failures="0" timestamp="2021-09-15T16:28:50 CEST" time="14.839" errors="0">
  <testcase name="LoginFailiure" time="0.856" classname="test.LoginTest"/>
  <testcase name="LoginSuccess" time="0.901" classname="test.LoginTest"/>
  <testcase name="ProductSelectTest" time="0.932" classname="test.ProductSelectionTest"/>
</testsuite> <!-- Command line test -->
