<?xml version="1.0" encoding="UTF-8"?>
<testng-results ignored="0" total="3" passed="3" failed="0" skipped="0">
  <reporter-output>
  </reporter-output>
  <suite started-at="2021-09-15T16:01:12 CEST" name="Suite" finished-at="2021-09-15T16:01:26 CEST" duration-ms="13468">
    <groups>
      <group name="Regression">
        <method signature="LoginTest.LoginFailiure()[pri:0, instance:test.LoginTest@a2431d0]" name="LoginFailiure" class="test.LoginTest"/>
        <method signature="LoginTest.LoginSuccess()[pri:0, instance:test.LoginTest@a2431d0]" name="LoginSuccess" class="test.LoginTest"/>
      </group> <!-- Regression -->
    </groups>
    <test started-at="2021-09-15T16:01:12 CEST" name="Test" finished-at="2021-09-15T16:01:26 CEST" duration-ms="13468">
      <class name="test.LoginTest">
        <test-method is-config="true" signature="SetUp()[pri:0, instance:test.LoginTest@a2431d0]" started-at="2021-09-15T16:01:12 CEST" name="SetUp" finished-at="2021-09-15T16:01:16 CEST" duration-ms="3959" status="PASS">
          <reporter-output>
          </reporter-output>
        </test-method> <!-- SetUp -->
        <test-method signature="LoginFailiure()[pri:0, instance:test.LoginTest@a2431d0]" started-at="2021-09-15T16:01:16 CEST" name="LoginFailiure" finished-at="2021-09-15T16:01:17 CEST" duration-ms="1160" status="PASS">
          <reporter-output>
          </reporter-output>
        </test-method> <!-- LoginFailiure -->
        <test-method is-config="true" signature="tearDown()[pri:0, instance:test.LoginTest@a2431d0]" started-at="2021-09-15T16:01:17 CEST" name="tearDown" finished-at="2021-09-15T16:01:18 CEST" duration-ms="601" status="PASS">
          <reporter-output>
          </reporter-output>
        </test-method> <!-- tearDown -->
        <test-method is-config="true" signature="SetUp()[pri:0, instance:test.LoginTest@a2431d0]" started-at="2021-09-15T16:01:18 CEST" name="SetUp" finished-at="2021-09-15T16:01:21 CEST" duration-ms="2520" status="PASS">
          <reporter-output>
          </reporter-output>
        </test-method> <!-- SetUp -->
        <test-method signature="LoginSuccess()[pri:0, instance:test.LoginTest@a2431d0]" started-at="2021-09-15T16:01:21 CEST" name="LoginSuccess" finished-at="2021-09-15T16:01:21 CEST" duration-ms="894" status="PASS">
          <reporter-output>
          </reporter-output>
        </test-method> <!-- LoginSuccess -->
        <test-method is-config="true" signature="tearDown()[pri:0, instance:test.LoginTest@a2431d0]" started-at="2021-09-15T16:01:21 CEST" name="tearDown" finished-at="2021-09-15T16:01:22 CEST" duration-ms="528" status="PASS">
          <reporter-output>
          </reporter-output>
        </test-method> <!-- tearDown -->
      </class> <!-- test.LoginTest -->
      <class name="test.ProductSelectionTest">
        <test-method is-config="true" signature="SetUp()[pri:0, instance:test.ProductSelectionTest@662b4c69]" started-at="2021-09-15T16:01:22 CEST" name="SetUp" finished-at="2021-09-15T16:01:24 CEST" duration-ms="2402" status="PASS">
          <reporter-output>
          </reporter-output>
        </test-method> <!-- SetUp -->
        <test-method signature="ProductSelectTest()[pri:0, instance:test.ProductSelectionTest@662b4c69]" started-at="2021-09-15T16:01:24 CEST" name="ProductSelectTest" finished-at="2021-09-15T16:01:25 CEST" duration-ms="820" status="PASS">
          <reporter-output>
          </reporter-output>
        </test-method> <!-- ProductSelectTest -->
        <test-method is-config="true" signature="tearDown()[pri:0, instance:test.ProductSelectionTest@662b4c69]" started-at="2021-09-15T16:01:25 CEST" name="tearDown" finished-at="2021-09-15T16:01:26 CEST" duration-ms="497" status="PASS">
          <reporter-output>
          </reporter-output>
        </test-method> <!-- tearDown -->
      </class> <!-- test.ProductSelectionTest -->
    </test> <!-- Test -->
  </suite> <!-- Suite -->
</testng-results>
